<?xml version="1.0" encoding="UTF-8"?>
<!-- Generated by org.testng.reporters.JUnitReportReporter -->
<testsuite hostname="Jana-PC" failures="0" tests="1" name="testCases.TC_Login_001" time="1.605" errors="0" timestamp="2021-08-01T20:35:05 IST" skipped="0">
  <testcase classname="testCases.TC_Login_001" name="loginTest" time="1.605"/>
  <system-out/>
</testsuite> <!-- testCases.TC_Login_001 -->
